<?xml version="1.0" encoding="UTF-8"?>
<!-- Generated by org.testng.reporters.JUnitXMLReporter -->
<testsuite ignored="0" hostname="DESKTOP-RVSSM80" failures="0" tests="5" name="Default test" time="46.689" errors="0" timestamp="2023-04-28T18:44:48 BDT">
  <testcase classname="tourismpoint.testCase.LogInPage_TestCase" name="AccessLoginPage" time="0.035"/>
  <testcase classname="tourismpoint.testCase.LogInPage_TestCase" name="Login_with_empty_Email" time="0.237"/>
  <testcase classname="tourismpoint.testCase.LogInPage_TestCase" name="Login_with_empty_password" time="0.194"/>
  <testcase classname="tourismpoint.testCase.LogInPage_TestCase" name="Login_With_incorrect_Email" time="0.261"/>
  <testcase classname="tourismpoint.testCase.LogInPage_TestCase" name="Login_With_incorrect_Password" time="0.28"/>
</testsuite> <!-- Default test -->
