<?xml version="1.0" encoding="UTF-8"?>
<!-- Generated by org.testng.reporters.JUnitXMLReporter -->
<testsuite ignored="0" hostname="DESKTOP-RVSSM80" failures="2" tests="15" name="Test" time="133.087" errors="0" timestamp="2023-04-28T19:05:09 BDT">
  <testcase classname="tourismpoint.testCase.LogInPage_TestCase" name="AccessLoginPage" time="0.059"/>
  <testcase classname="tourismpoint.testCase.LogInPage_TestCase" name="Login_with_empty_Email" time="0.157"/>
  <testcase classname="tourismpoint.testCase.LogInPage_TestCase" name="Login_with_empty_password" time="0.201"/>
  <testcase classname="tourismpoint.testCase.LogInPage_TestCase" name="Login_With_incorrect_Email" time="0.232"/>
  <testcase classname="tourismpoint.testCase.LogInPage_TestCase" name="Login_With_incorrect_Password" time="0.225"/>
  <testcase classname="tourismpoint.testCase.RegistrationPage_TestCase" name="AccessRegistrationPage" time="0.012"/>
  <testcase classname="tourismpoint.testCase.RegistrationPage_TestCase" name="Registration_with_invalid_Name" time="0.486">
    <failure type="java.lang.AssertionError" message="expected [Tourism Point - Registration Page] but found [Tourism Point - Login Page]">
      <![CDATA[java.lang.AssertionError: expected [Tourism Point - Registration Page] but found [Tourism Point - Login Page]
at tourismpoint.testCase.RegistrationPage_TestCase.Registration_with_invalid_Name(RegistrationPage_TestCase.java:53)
at java.base/java.util.ArrayList.forEach(ArrayList.java:1511)
... Removed 31 stack frames]]>
    </failure>
  </testcase> <!-- Registration_with_invalid_Name -->
  <testcase classname="tourismpoint.testCase.RegistrationPage_TestCase" name="Registration_with_empty_Name" time="0.276"/>
  <testcase classname="tourismpoint.testCase.RegistrationPage_TestCase" name="Registration_with_invalid_Email" time="0.401">
    <failure type="java.lang.AssertionError" message="expected [Tourism Point - Registration Page] but found [Tourism Point - Login Page]">
      <![CDATA[java.lang.AssertionError: expected [Tourism Point - Registration Page] but found [Tourism Point - Login Page]
at tourismpoint.testCase.RegistrationPage_TestCase.Registration_with_invalid_Email(RegistrationPage_TestCase.java:78)
at java.base/java.util.ArrayList.forEach(ArrayList.java:1511)
... Removed 31 stack frames]]>
    </failure>
  </testcase> <!-- Registration_with_invalid_Email -->
  <testcase classname="tourismpoint.testCase.RegistrationPage_TestCase" name="Registration_with_empty_Email" time="0.318"/>
  <testcase classname="tourismpoint.testCase.RegistrationPage_TestCase" name="Registration_with_empty_password" time="0.286"/>
  <testcase classname="tourismpoint.testCase.RegistrationPage_TestCase" name="Registration_With_Valid_information" time="0.384"/>
  <testcase classname="tourismpoint.testCase.RegistrationPage_TestCase" name="Registration_With_exist_Email" time="0.345"/>
  <testcase classname="tourismpoint.testCase.RegistrationPage_TestCase" name="Registration_With_exist_empty_confirm_password" time="0.33"/>
  <testcase classname="tourismpoint.testCase.RegistrationPage_TestCase" name="Registration_With_exist_unmacth_confirm_password" time="0.309"/>
</testsuite> <!-- Test -->
